C:\WIN-LWIP\CONTRIB\PORTS\WIN32\MSVC\DEBUG\API_LIB.OBJ
C:\WIN-LWIP\CONTRIB\PORTS\WIN32\MSVC\DEBUG\API_MSG.OBJ
C:\WIN-LWIP\CONTRIB\PORTS\WIN32\MSVC\DEBUG\ARC4.OBJ
C:\WIN-LWIP\CONTRIB\PORTS\WIN32\MSVC\DEBUG\AUTH.OBJ
C:\WIN-LWIP\CONTRIB\PORTS\WIN32\MSVC\DEBUG\AUTOIP.OBJ
C:\WIN-LWIP\CONTRIB\PORTS\WIN32\MSVC\DEBUG\CCP.OBJ
C:\WIN-LWIP\CONTRIB\PORTS\WIN32\MSVC\DEBUG\CHAP_MS.OBJ
C:\WIN-LWIP\CONTRIB\PORTS\WIN32\MSVC\DEBUG\CHAP-MD5.OBJ
C:\WIN-LWIP\CONTRIB\PORTS\WIN32\MSVC\DEBUG\CHAP-NEW.OBJ
C:\win-lwip\contrib\ports\win32\msvc\Debug\cl.command.1.tlog
C:\win-lwip\contrib\ports\win32\msvc\Debug\CL.read.1.tlog
C:\win-lwip\contrib\ports\win32\msvc\Debug\CL.write.1.tlog
C:\WIN-LWIP\CONTRIB\PORTS\WIN32\MSVC\DEBUG\DEF.OBJ
C:\WIN-LWIP\CONTRIB\PORTS\WIN32\MSVC\DEBUG\DEMAND.OBJ
C:\WIN-LWIP\CONTRIB\PORTS\WIN32\MSVC\DEBUG\DES.OBJ
C:\WIN-LWIP\CONTRIB\PORTS\WIN32\MSVC\DEBUG\DHCP.OBJ
C:\WIN-LWIP\CONTRIB\PORTS\WIN32\MSVC\DEBUG\DHCP6.OBJ
C:\WIN-LWIP\CONTRIB\PORTS\WIN32\MSVC\DEBUG\DNS.OBJ
C:\WIN-LWIP\CONTRIB\PORTS\WIN32\MSVC\DEBUG\EAP.OBJ
C:\WIN-LWIP\CONTRIB\PORTS\WIN32\MSVC\DEBUG\ECP.OBJ
C:\WIN-LWIP\CONTRIB\PORTS\WIN32\MSVC\DEBUG\ERR.OBJ
C:\WIN-LWIP\CONTRIB\PORTS\WIN32\MSVC\DEBUG\ETHARP.OBJ
C:\WIN-LWIP\CONTRIB\PORTS\WIN32\MSVC\DEBUG\ETHERNET.OBJ
C:\WIN-LWIP\CONTRIB\PORTS\WIN32\MSVC\DEBUG\ETHERNETIF.OBJ
C:\WIN-LWIP\CONTRIB\PORTS\WIN32\MSVC\DEBUG\ETHIP6.OBJ
C:\WIN-LWIP\CONTRIB\PORTS\WIN32\MSVC\DEBUG\EUI64.OBJ
C:\WIN-LWIP\CONTRIB\PORTS\WIN32\MSVC\DEBUG\FS.OBJ
C:\WIN-LWIP\CONTRIB\PORTS\WIN32\MSVC\DEBUG\FSM.OBJ
C:\WIN-LWIP\CONTRIB\PORTS\WIN32\MSVC\DEBUG\HTTPD.OBJ
C:\WIN-LWIP\CONTRIB\PORTS\WIN32\MSVC\DEBUG\ICMP.OBJ
C:\WIN-LWIP\CONTRIB\PORTS\WIN32\MSVC\DEBUG\ICMP6.OBJ
C:\WIN-LWIP\CONTRIB\PORTS\WIN32\MSVC\DEBUG\IGMP.OBJ
C:\WIN-LWIP\CONTRIB\PORTS\WIN32\MSVC\DEBUG\INET_CHKSUM.OBJ
C:\WIN-LWIP\CONTRIB\PORTS\WIN32\MSVC\DEBUG\INET6.OBJ
C:\WIN-LWIP\CONTRIB\PORTS\WIN32\MSVC\DEBUG\INIT.OBJ
C:\WIN-LWIP\CONTRIB\PORTS\WIN32\MSVC\DEBUG\IP.OBJ
C:\WIN-LWIP\CONTRIB\PORTS\WIN32\MSVC\DEBUG\IP4.OBJ
C:\WIN-LWIP\CONTRIB\PORTS\WIN32\MSVC\DEBUG\IP4_ADDR.OBJ
C:\WIN-LWIP\CONTRIB\PORTS\WIN32\MSVC\DEBUG\IP4_FRAG.OBJ
C:\WIN-LWIP\CONTRIB\PORTS\WIN32\MSVC\DEBUG\IP6.OBJ
C:\WIN-LWIP\CONTRIB\PORTS\WIN32\MSVC\DEBUG\IP6_ADDR.OBJ
C:\WIN-LWIP\CONTRIB\PORTS\WIN32\MSVC\DEBUG\IP6_FRAG.OBJ
C:\WIN-LWIP\CONTRIB\PORTS\WIN32\MSVC\DEBUG\IPCP.OBJ
C:\WIN-LWIP\CONTRIB\PORTS\WIN32\MSVC\DEBUG\IPV6CP.OBJ
C:\WIN-LWIP\CONTRIB\PORTS\WIN32\MSVC\DEBUG\LCP.OBJ
C:\win-lwip\contrib\ports\win32\msvc\Debug\lib.command.1.tlog
C:\win-lwip\contrib\ports\win32\msvc\Debug\Lib-link.read.1.tlog
C:\win-lwip\contrib\ports\win32\msvc\Debug\Lib-link.write.1.tlog
C:\WIN-LWIP\CONTRIB\PORTS\WIN32\MSVC\DEBUG\LOWPAN6.OBJ
C:\win-lwip\contrib\ports\win32\msvc\Debug\lwip.idb
C:\WIN-LWIP\CONTRIB\PORTS\WIN32\MSVC\DEBUG\LWIP.LIB
C:\WIN-LWIP\CONTRIB\PORTS\WIN32\MSVC\DEBUG\LWIP.PDB
C:\win-lwip\contrib\ports\win32\msvc\Debug\lwIP.write.1.tlog
C:\WIN-LWIP\CONTRIB\PORTS\WIN32\MSVC\DEBUG\LWIPERF.OBJ
C:\WIN-LWIP\CONTRIB\PORTS\WIN32\MSVC\DEBUG\MAGIC.OBJ
C:\WIN-LWIP\CONTRIB\PORTS\WIN32\MSVC\DEBUG\MD4.OBJ
C:\WIN-LWIP\CONTRIB\PORTS\WIN32\MSVC\DEBUG\MD5.OBJ
C:\WIN-LWIP\CONTRIB\PORTS\WIN32\MSVC\DEBUG\MDNS.OBJ
C:\WIN-LWIP\CONTRIB\PORTS\WIN32\MSVC\DEBUG\MEM.OBJ
C:\WIN-LWIP\CONTRIB\PORTS\WIN32\MSVC\DEBUG\MEMP.OBJ
C:\WIN-LWIP\CONTRIB\PORTS\WIN32\MSVC\DEBUG\MLD6.OBJ
C:\WIN-LWIP\CONTRIB\PORTS\WIN32\MSVC\DEBUG\MPPE.OBJ
C:\WIN-LWIP\CONTRIB\PORTS\WIN32\MSVC\DEBUG\MQTT.OBJ
C:\WIN-LWIP\CONTRIB\PORTS\WIN32\MSVC\DEBUG\MULTILINK.OBJ
C:\WIN-LWIP\CONTRIB\PORTS\WIN32\MSVC\DEBUG\ND6.OBJ
C:\WIN-LWIP\CONTRIB\PORTS\WIN32\MSVC\DEBUG\NETBIOSNS.OBJ
C:\WIN-LWIP\CONTRIB\PORTS\WIN32\MSVC\DEBUG\NETBUF.OBJ
C:\WIN-LWIP\CONTRIB\PORTS\WIN32\MSVC\DEBUG\NETDB.OBJ
C:\WIN-LWIP\CONTRIB\PORTS\WIN32\MSVC\DEBUG\NETIF.OBJ
C:\WIN-LWIP\CONTRIB\PORTS\WIN32\MSVC\DEBUG\NETIFAPI.OBJ
C:\WIN-LWIP\CONTRIB\PORTS\WIN32\MSVC\DEBUG\PBUF.OBJ
C:\WIN-LWIP\CONTRIB\PORTS\WIN32\MSVC\DEBUG\PPP.OBJ
C:\WIN-LWIP\CONTRIB\PORTS\WIN32\MSVC\DEBUG\PPPAPI.OBJ
C:\WIN-LWIP\CONTRIB\PORTS\WIN32\MSVC\DEBUG\PPPCRYPT.OBJ
C:\WIN-LWIP\CONTRIB\PORTS\WIN32\MSVC\DEBUG\PPPOE.OBJ
C:\WIN-LWIP\CONTRIB\PORTS\WIN32\MSVC\DEBUG\PPPOL2TP.OBJ
C:\WIN-LWIP\CONTRIB\PORTS\WIN32\MSVC\DEBUG\PPPOS.OBJ
C:\WIN-LWIP\CONTRIB\PORTS\WIN32\MSVC\DEBUG\RAW.OBJ
C:\WIN-LWIP\CONTRIB\PORTS\WIN32\MSVC\DEBUG\SHA1.OBJ
C:\WIN-LWIP\CONTRIB\PORTS\WIN32\MSVC\DEBUG\SIO.OBJ
C:\WIN-LWIP\CONTRIB\PORTS\WIN32\MSVC\DEBUG\SLIPIF.OBJ
C:\WIN-LWIP\CONTRIB\PORTS\WIN32\MSVC\DEBUG\SNMP_ASN1.OBJ
C:\WIN-LWIP\CONTRIB\PORTS\WIN32\MSVC\DEBUG\SNMP_CORE.OBJ
C:\WIN-LWIP\CONTRIB\PORTS\WIN32\MSVC\DEBUG\SNMP_MIB2.OBJ
C:\WIN-LWIP\CONTRIB\PORTS\WIN32\MSVC\DEBUG\SNMP_MIB2_ICMP.OBJ
C:\WIN-LWIP\CONTRIB\PORTS\WIN32\MSVC\DEBUG\SNMP_MIB2_INTERFACES.OBJ
C:\WIN-LWIP\CONTRIB\PORTS\WIN32\MSVC\DEBUG\SNMP_MIB2_IP.OBJ
C:\WIN-LWIP\CONTRIB\PORTS\WIN32\MSVC\DEBUG\SNMP_MIB2_SNMP.OBJ
C:\WIN-LWIP\CONTRIB\PORTS\WIN32\MSVC\DEBUG\SNMP_MIB2_SYSTEM.OBJ
C:\WIN-LWIP\CONTRIB\PORTS\WIN32\MSVC\DEBUG\SNMP_MIB2_TCP.OBJ
C:\WIN-LWIP\CONTRIB\PORTS\WIN32\MSVC\DEBUG\SNMP_MIB2_UDP.OBJ
C:\WIN-LWIP\CONTRIB\PORTS\WIN32\MSVC\DEBUG\SNMP_MSG.OBJ
C:\WIN-LWIP\CONTRIB\PORTS\WIN32\MSVC\DEBUG\SNMP_NETCONN.OBJ
C:\WIN-LWIP\CONTRIB\PORTS\WIN32\MSVC\DEBUG\SNMP_PBUF_STREAM.OBJ
C:\WIN-LWIP\CONTRIB\PORTS\WIN32\MSVC\DEBUG\SNMP_RAW.OBJ
C:\WIN-LWIP\CONTRIB\PORTS\WIN32\MSVC\DEBUG\SNMP_SCALAR.OBJ
C:\WIN-LWIP\CONTRIB\PORTS\WIN32\MSVC\DEBUG\SNMP_TABLE.OBJ
C:\WIN-LWIP\CONTRIB\PORTS\WIN32\MSVC\DEBUG\SNMP_THREADSYNC.OBJ
C:\WIN-LWIP\CONTRIB\PORTS\WIN32\MSVC\DEBUG\SNMP_TRAPS.OBJ
C:\WIN-LWIP\CONTRIB\PORTS\WIN32\MSVC\DEBUG\SNMPV3.OBJ
C:\WIN-LWIP\CONTRIB\PORTS\WIN32\MSVC\DEBUG\SNMPV3_DUMMY.OBJ
C:\WIN-LWIP\CONTRIB\PORTS\WIN32\MSVC\DEBUG\SNMPV3_MBEDTLS.OBJ
C:\WIN-LWIP\CONTRIB\PORTS\WIN32\MSVC\DEBUG\SNTP.OBJ
C:\WIN-LWIP\CONTRIB\PORTS\WIN32\MSVC\DEBUG\SOCKETS.OBJ
C:\WIN-LWIP\CONTRIB\PORTS\WIN32\MSVC\DEBUG\STATS.OBJ
C:\WIN-LWIP\CONTRIB\PORTS\WIN32\MSVC\DEBUG\SYS.OBJ
C:\WIN-LWIP\CONTRIB\PORTS\WIN32\MSVC\DEBUG\SYS_ARCH.OBJ
C:\WIN-LWIP\CONTRIB\PORTS\WIN32\MSVC\DEBUG\TCP.OBJ
C:\WIN-LWIP\CONTRIB\PORTS\WIN32\MSVC\DEBUG\TCP_IN.OBJ
C:\WIN-LWIP\CONTRIB\PORTS\WIN32\MSVC\DEBUG\TCP_OUT.OBJ
C:\WIN-LWIP\CONTRIB\PORTS\WIN32\MSVC\DEBUG\TCPIP.OBJ
C:\WIN-LWIP\CONTRIB\PORTS\WIN32\MSVC\DEBUG\TFTP_SERVER.OBJ
C:\WIN-LWIP\CONTRIB\PORTS\WIN32\MSVC\DEBUG\TIMEOUTS.OBJ
C:\WIN-LWIP\CONTRIB\PORTS\WIN32\MSVC\DEBUG\UDP.OBJ
C:\WIN-LWIP\CONTRIB\PORTS\WIN32\MSVC\DEBUG\UPAP.OBJ
C:\WIN-LWIP\CONTRIB\PORTS\WIN32\MSVC\DEBUG\UTILS.OBJ
C:\WIN-LWIP\CONTRIB\PORTS\WIN32\MSVC\DEBUG\VJ.OBJ
