生成启动时间为 2017/3/10 23:21:07。
     1>项目“C:\win-lwip\contrib\ports\win32\msvc\lwIP.vcxproj”在节点 2 上(rebuild 个目标)。
     1>_PrepareForClean:
         正在删除文件“Debug\lwIP.lastbuildstate”。
       InitializeBuildStatus:
         正在创建“Debug\lwIP.unsuccessfulbuild”，因为已指定“AlwaysCreate”。
       ClCompile:
         c:\Program Files (x86)\Microsoft Visual Studio 10.0\VC\bin\CL.exe /c /I..\..\..\..\lwip\src\include /I..\..\..\..\lwip\src\include\ipv4 /I..\..\..\..\lwip\src\include\ipv6 /I..\include /I.. /I..\..\..\apps\snmp_private_mib /ZI /nologo /Wall /WX /Od /Oy- /D _LIB /D WIN32 /D _DEBUG /D LWIP_DEBUG /D _VC80_UPGRADE=0x0710 /D _MBCS /Gm- /EHsc /RTC1 /MTd /GS /fp:precise /Zc:wchar_t /Zc:forScope /Fo"Debug\\" /Fd"Debug\lwIP.pdb" /Gd /TC /analyze- /errorReport:prompt ..\..\..\..\lwip\src\api\api_lib.c ..\..\..\..\lwip\src\api\api_msg.c ..\..\..\..\lwip\src\api\err.c ..\..\..\..\lwip\src\api\netbuf.c ..\..\..\..\lwip\src\api\netdb.c ..\..\..\..\lwip\src\api\netifapi.c ..\..\..\..\lwip\src\api\sockets.c ..\..\..\..\lwip\src\api\tcpip.c ..\..\..\..\lwip\src\apps\lwiperf\lwiperf.c ..\..\..\..\lwip\src\apps\mqtt\mqtt.c ..\..\..\..\lwip\src\apps\netbiosns\netbiosns.c ..\..\..\..\lwip\src\apps\sntp\sntp.c ..\..\..\..\lwip\src\apps\tftp\tftp_server.c ..\..\..\..\lwip\src\core\def.c ..\..\..\..\lwip\src\core\dns.c ..\..\..\..\lwip\src\core\inet_chksum.c ..\..\..\..\lwip\src\core\init.c ..\..\..\..\lwip\src\core\mem.c ..\..\..\..\lwip\src\core\memp.c ..\..\..\..\lwip\src\core\netif.c ..\..\..\..\lwip\src\core\pbuf.c ..\..\..\..\lwip\src\core\raw.c ..\..\..\..\lwip\src\core\stats.c ..\..\..\..\lwip\src\core\sys.c ..\..\..\..\lwip\src\core\tcp.c ..\..\..\..\lwip\src\core\tcp_in.c ..\..\..\..\lwip\src\core\tcp_out.c ..\..\..\..\lwip\src\core\udp.c ..\..\..\..\lwip\src\core\ipv4\autoip.c ..\..\..\..\lwip\src\core\ipv4\dhcp.c ..\..\..\..\lwip\src\core\ipv4\etharp.c ..\..\..\..\lwip\src\core\ipv4\icmp.c ..\..\..\..\lwip\src\core\ipv4\igmp.c ..\..\..\..\lwip\src\core\ipv4\ip4.c ..\..\..\..\lwip\src\core\ipv4\ip4_addr.c ..\..\..\..\lwip\src\core\ipv6\dhcp6.c ..\..\..\..\lwip\src\core\ipv6\ethip6.c ..\..\..\..\lwip\src\core\ipv6\icmp6.c ..\..\..\..\lwip\src\core\ipv6\inet6.c ..\..\..\..\lwip\src\core\ipv6\ip6.c ..\..\..\..\lwip\src\core\ipv6\ip6_addr.c ..\..\..\..\lwip\src\core\ipv6\ip6_frag.c ..\..\..\..\lwip\src\core\ipv6\mld6.c ..\..\..\..\lwip\src\core\ipv6\nd6.c ..\..\..\..\lwip\src\netif\ethernet.c ..\..\..\..\lwip\src\netif\ethernetif.c ..\..\..\..\lwip\src\netif\lowpan6.c ..\..\..\..\lwip\src\netif\slipif.c ..\..\..\..\lwip\src\netif\ppp\auth.c ..\..\..\..\lwip\src\netif\ppp\ccp.c "..\..\..\..\lwip\src\netif\ppp\chap-md5.c" "..\..\..\..\lwip\src\netif\ppp\chap-new.c" ..\..\..\..\lwip\src\netif\ppp\chap_ms.c ..\..\..\..\lwip\src\netif\ppp\demand.c ..\..\..\..\lwip\src\netif\ppp\eap.c ..\..\..\..\lwip\src\netif\ppp\ecp.c ..\..\..\..\lwip\src\netif\ppp\eui64.c ..\..\..\..\lwip\src\netif\ppp\fsm.c ..\..\..\..\lwip\src\netif\ppp\ipcp.c ..\..\..\..\lwip\src\netif\ppp\ipv6cp.c ..\..\..\..\lwip\src\netif\ppp\lcp.c ..\..\..\..\lwip\src\netif\ppp\magic.c ..\..\..\..\lwip\src\netif\ppp\mppe.c ..\..\..\..\lwip\src\netif\ppp\multilink.c ..\..\..\..\lwip\src\netif\ppp\ppp.c ..\..\..\..\lwip\src\netif\ppp\pppcrypt.c ..\..\..\..\lwip\src\netif\ppp\pppoe.c ..\..\..\..\lwip\src\netif\ppp\pppol2tp.c ..\..\..\..\lwip\src\netif\ppp\pppos.c ..\..\..\..\lwip\src\netif\ppp\upap.c ..\..\..\..\lwip\src\netif\ppp\utils.c ..\..\..\..\lwip\src\netif\ppp\vj.c ..\..\..\..\lwip\src\netif\ppp\polarssl\arc4.c ..\..\..\..\lwip\src\netif\ppp\polarssl\des.c ..\..\..\..\lwip\src\netif\ppp\polarssl\md4.c ..\..\..\..\lwip\src\netif\ppp\polarssl\md5.c ..\..\..\..\lwip\src\netif\ppp\polarssl\sha1.c ..\..\..\..\lwip\src\apps\httpd\fs.c ..\..\..\..\lwip\src\apps\httpd\httpd.c ..\..\..\..\lwip\src\apps\snmp\snmp_asn1.c ..\..\..\..\lwip\src\apps\snmp\snmp_core.c ..\..\..\..\lwip\src\apps\snmp\snmp_mib2.c ..\..\..\..\lwip\src\apps\snmp\snmp_msg.c ..\..\..\..\lwip\src\apps\snmp\snmp_netconn.c ..\..\..\..\lwip\src\apps\snmp\snmp_pbuf_stream.c ..\..\..\..\lwip\src\apps\snmp\snmp_raw.c ..\..\..\..\lwip\src\apps\snmp\snmp_scalar.c ..\..\..\..\lwip\src\apps\snmp\snmp_table.c ..\..\..\..\lwip\src\apps\snmp\snmp_threadsync.c ..\..\..\..\lwip\src\apps\snmp\snmp_traps.c ..\..\..\..\lwip\src\core\ip.c ..\..\..\..\lwip\src\apps\snmp\snmpv3.c ..\..\..\..\lwip\src\apps\snmp\snmp_mib2_icmp.c ..\..\..\..\lwip\src\apps\snmp\snmp_mib2_interfaces.c ..\..\..\..\lwip\src\apps\snmp\snmp_mib2_ip.c ..\..\..\..\lwip\src\apps\snmp\snmp_mib2_snmp.c ..\..\..\..\lwip\src\apps\snmp\snmp_mib2_system.c ..\..\..\..\lwip\src\apps\snmp\snmp_mib2_tcp.c ..\..\..\..\lwip\src\apps\snmp\snmp_mib2_udp.c ..\..\..\..\lwip\src\netif\ppp\pppapi.c ..\..\..\..\lwip\src\core\ipv4\ip4_frag.c ..\..\..\..\lwip\src\core\timeouts.c ..\..\..\..\lwip\src\apps\mdns\mdns.c ..\..\..\..\lwip\src\apps\snmp\snmpv3_dummy.c ..\..\..\..\lwip\src\apps\snmp\snmpv3_mbedtls.c ..\sio.c ..\sys_arch.c
         api_lib.c
         api_msg.c
         err.c
         netbuf.c
         netdb.c
         netifapi.c
         sockets.c
         tcpip.c
         lwiperf.c
         mqtt.c
         netbiosns.c
         sntp.c
         tftp_server.c
         def.c
         dns.c
         inet_chksum.c
         init.c
         mem.c
         memp.c
         netif.c
         正在生成代码...
         正在编译...
         pbuf.c
         raw.c
         stats.c
         sys.c
         tcp.c
         tcp_in.c
         tcp_out.c
         udp.c
         autoip.c
         dhcp.c
         etharp.c
         icmp.c
         igmp.c
         ip4.c
         ip4_addr.c
         dhcp6.c
         ethip6.c
         icmp6.c
         inet6.c
         ip6.c
         正在生成代码...
         正在编译...
         ip6_addr.c
         ip6_frag.c
         mld6.c
         nd6.c
         ethernet.c
         ethernetif.c
         lowpan6.c
         slipif.c
         auth.c
         ccp.c
         chap-md5.c
         chap-new.c
         chap_ms.c
         demand.c
         eap.c
         ecp.c
         eui64.c
         fsm.c
         ipcp.c
         ipv6cp.c
         正在生成代码...
         正在编译...
         lcp.c
         magic.c
         mppe.c
         multilink.c
         ppp.c
         pppcrypt.c
         pppoe.c
         pppol2tp.c
         pppos.c
         upap.c
         utils.c
         vj.c
         arc4.c
         des.c
         md4.c
         md5.c
         sha1.c
         fs.c
         httpd.c
         snmp_asn1.c
         正在生成代码...
         正在编译...
         snmp_core.c
         snmp_mib2.c
         snmp_msg.c
         snmp_netconn.c
         snmp_pbuf_stream.c
         snmp_raw.c
         snmp_scalar.c
         snmp_table.c
         snmp_threadsync.c
         snmp_traps.c
         ip.c
         snmpv3.c
         snmp_mib2_icmp.c
         snmp_mib2_interfaces.c
         snmp_mib2_ip.c
         snmp_mib2_snmp.c
         snmp_mib2_system.c
         snmp_mib2_tcp.c
         snmp_mib2_udp.c
         pppapi.c
         正在生成代码...
         正在编译...
         ip4_frag.c
         timeouts.c
         mdns.c
         snmpv3_dummy.c
         snmpv3_mbedtls.c
         sio.c
         sys_arch.c
         正在生成代码...
       Lib:
         c:\Program Files (x86)\Microsoft Visual Studio 10.0\VC\bin\Lib.exe /OUT:"C:\win-lwip\contrib\ports\win32\msvc\Debug\lwIP.lib" /NOLOGO Debug\api_lib.obj
         Debug\api_msg.obj
         Debug\err.obj
         Debug\netbuf.obj
         Debug\netdb.obj
         Debug\netifapi.obj
         Debug\sockets.obj
         Debug\tcpip.obj
         Debug\lwiperf.obj
         Debug\mqtt.obj
         Debug\netbiosns.obj
         Debug\sntp.obj
         Debug\tftp_server.obj
         Debug\def.obj
         Debug\dns.obj
         Debug\inet_chksum.obj
         Debug\init.obj
         Debug\mem.obj
         Debug\memp.obj
         Debug\netif.obj
         Debug\pbuf.obj
         Debug\raw.obj
         Debug\stats.obj
         Debug\sys.obj
         Debug\tcp.obj
         Debug\tcp_in.obj
         Debug\tcp_out.obj
         Debug\udp.obj
         Debug\autoip.obj
         Debug\dhcp.obj
         Debug\etharp.obj
         Debug\icmp.obj
         Debug\igmp.obj
         Debug\ip4.obj
         Debug\ip4_addr.obj
         Debug\dhcp6.obj
         Debug\ethip6.obj
         Debug\icmp6.obj
         Debug\inet6.obj
         Debug\ip6.obj
         Debug\ip6_addr.obj
         Debug\ip6_frag.obj
         Debug\mld6.obj
         Debug\nd6.obj
         Debug\ethernet.obj
         Debug\ethernetif.obj
         Debug\lowpan6.obj
         Debug\slipif.obj
         Debug\auth.obj
         Debug\ccp.obj
         "Debug\chap-md5.obj"
         "Debug\chap-new.obj"
         Debug\chap_ms.obj
         Debug\demand.obj
         Debug\eap.obj
         Debug\ecp.obj
         Debug\eui64.obj
         Debug\fsm.obj
         Debug\ipcp.obj
         Debug\ipv6cp.obj
         Debug\lcp.obj
         Debug\magic.obj
         Debug\mppe.obj
         Debug\multilink.obj
         Debug\ppp.obj
         Debug\pppcrypt.obj
         Debug\pppoe.obj
         Debug\pppol2tp.obj
         Debug\pppos.obj
         Debug\upap.obj
         Debug\utils.obj
         Debug\vj.obj
         Debug\arc4.obj
         Debug\des.obj
         Debug\md4.obj
         Debug\md5.obj
         Debug\sha1.obj
         Debug\fs.obj
         Debug\httpd.obj
         Debug\snmp_asn1.obj
         Debug\snmp_core.obj
         Debug\snmp_mib2.obj
         Debug\snmp_msg.obj
         Debug\snmp_netconn.obj
         Debug\snmp_pbuf_stream.obj
         Debug\snmp_raw.obj
         Debug\snmp_scalar.obj
         Debug\snmp_table.obj
         Debug\snmp_threadsync.obj
         Debug\snmp_traps.obj
         Debug\ip.obj
         Debug\snmpv3.obj
         Debug\snmp_mib2_icmp.obj
         Debug\snmp_mib2_interfaces.obj
         Debug\snmp_mib2_ip.obj
         Debug\snmp_mib2_snmp.obj
         Debug\snmp_mib2_system.obj
         Debug\snmp_mib2_tcp.obj
         Debug\snmp_mib2_udp.obj
         Debug\pppapi.obj
         Debug\ip4_frag.obj
         Debug\timeouts.obj
         Debug\mdns.obj
         Debug\snmpv3_dummy.obj
         Debug\snmpv3_mbedtls.obj
         Debug\sio.obj
         Debug\sys_arch.obj
         lwIP.vcxproj -> C:\win-lwip\contrib\ports\win32\msvc\Debug\lwIP.lib
       FinalizeBuildStatus:
         正在删除文件“Debug\lwIP.unsuccessfulbuild”。
         正在对“Debug\lwIP.lastbuildstate”执行 Touch 任务。
     1>已完成生成项目“C:\win-lwip\contrib\ports\win32\msvc\lwIP.vcxproj”(rebuild 个目标)的操作。

生成成功。

已用时间 00:00:13.81
