生成启动时间为 2017/3/10 23:21:20。
     1>项目“C:\win-lwip\contrib\ports\win32\msvc\lwIP_pcapif.vcxproj”在节点 2 上(rebuild 个目标)。
     1>_PrepareForClean:
         正在删除文件“Debug\lwIP_pcapif.lastbuildstate”。
       InitializeBuildStatus:
         正在创建“Debug\lwIP_pcapif.unsuccessfulbuild”，因为已指定“AlwaysCreate”。
       ClCompile:
         c:\Program Files (x86)\Microsoft Visual Studio 10.0\VC\bin\CL.exe /c /I..\..\..\..\lwip\src\include /I..\..\..\..\lwip\src\include\ipv4 /I..\..\..\..\lwip\src\include\ipv6 /I..\include /I.. /I.\ /I"C:\win-lwip\WpdPack\Include" /ZI /nologo /Wall /WX /Od /Oy- /D _LIB /D WIN32 /D _DEBUG /D LWIP_DEBUG /D _VC80_UPGRADE=0x0710 /D _MBCS /Gm- /EHsc /RTC1 /MTd /GS /fp:precise /Zc:wchar_t /Zc:forScope /Fo"Debug\\" /Fd"Debug\lwIP_pcapif.pdb" /Gd /TC /analyze- /errorReport:prompt ..\pcapif.c ..\pcapif_helper.c
         pcapif.c
         pcapif_helper.c
         正在生成代码...
       Lib:
         c:\Program Files (x86)\Microsoft Visual Studio 10.0\VC\bin\Lib.exe /OUT:"C:\win-lwip\contrib\ports\win32\msvc\Debug\lwIP_pcapif.lib" /NOLOGO Debug\pcapif.obj
         Debug\pcapif_helper.obj
         lwIP_pcapif.vcxproj -> C:\win-lwip\contrib\ports\win32\msvc\Debug\lwIP_pcapif.lib
       FinalizeBuildStatus:
         正在删除文件“Debug\lwIP_pcapif.unsuccessfulbuild”。
         正在对“Debug\lwIP_pcapif.lastbuildstate”执行 Touch 任务。
     1>已完成生成项目“C:\win-lwip\contrib\ports\win32\msvc\lwIP_pcapif.vcxproj”(rebuild 个目标)的操作。

生成成功。

已用时间 00:00:01.13
