C:\WIN-LWIP\CONTRIB\PORTS\WIN32\MSVC\DEBUG\CHARGEN.OBJ
C:\win-lwip\contrib\ports\win32\msvc\Debug\cl.command.1.tlog
C:\win-lwip\contrib\ports\win32\msvc\Debug\CL.read.1.tlog
C:\win-lwip\contrib\ports\win32\msvc\Debug\CL.write.1.tlog
C:\WIN-LWIP\CONTRIB\PORTS\WIN32\MSVC\DEBUG\HTTPSERVER-NETCONN.OBJ
C:\win-lwip\contrib\ports\win32\msvc\Debug\link.command.1.tlog
C:\win-lwip\contrib\ports\win32\msvc\Debug\link.read.1.tlog
C:\win-lwip\contrib\ports\win32\msvc\Debug\link.write.1.tlog
C:\WIN-LWIP\CONTRIB\PORTS\WIN32\MSVC\DEBUG\LWIP_PRVMIB.OBJ
C:\win-lwip\contrib\ports\win32\msvc\Debug\lwIP_Test.exe.embed.manifest
C:\WIN-LWIP\CONTRIB\PORTS\WIN32\MSVC\DEBUG\LWIP_TEST.EXE.EMBED.MANIFEST.RES
C:\win-lwip\contrib\ports\win32\msvc\Debug\lwip_test.idb
C:\WIN-LWIP\CONTRIB\PORTS\WIN32\MSVC\DEBUG\LWIP_TEST.PDB
C:\win-lwip\contrib\ports\win32\msvc\Debug\lwIP_Test.write.1.tlog
C:\win-lwip\contrib\ports\win32\msvc\Debug\lwIP_Test_manifest.rc
C:\WIN-LWIP\CONTRIB\PORTS\WIN32\MSVC\DEBUG\NETIO.OBJ
C:\WIN-LWIP\CONTRIB\PORTS\WIN32\MSVC\DEBUG\PING.OBJ
C:\win-lwip\contrib\ports\win32\msvc\Debug\rc.command.1.tlog
C:\win-lwip\contrib\ports\win32\msvc\Debug\rc.read.1.tlog
C:\win-lwip\contrib\ports\win32\msvc\Debug\rc.write.1.tlog
C:\WIN-LWIP\CONTRIB\PORTS\WIN32\MSVC\DEBUG\RTP.OBJ
C:\WIN-LWIP\CONTRIB\PORTS\WIN32\MSVC\DEBUG\SHELL.OBJ
C:\WIN-LWIP\CONTRIB\PORTS\WIN32\MSVC\DEBUG\SMTP.OBJ
C:\WIN-LWIP\CONTRIB\PORTS\WIN32\MSVC\DEBUG\SOCKET_EXAMPLES.OBJ
C:\WIN-LWIP\CONTRIB\PORTS\WIN32\MSVC\DEBUG\TCP_ISN.OBJ
C:\WIN-LWIP\CONTRIB\PORTS\WIN32\MSVC\DEBUG\TCPECHO.OBJ
C:\WIN-LWIP\CONTRIB\PORTS\WIN32\MSVC\DEBUG\TCPECHO_RAW.OBJ
C:\WIN-LWIP\CONTRIB\PORTS\WIN32\MSVC\DEBUG\TEST.OBJ
C:\WIN-LWIP\CONTRIB\PORTS\WIN32\MSVC\DEBUG\UDPECHO.OBJ
C:\WIN-LWIP\CONTRIB\PORTS\WIN32\MSVC\DEBUG\UDPECHO_RAW.OBJ
