生成启动时间为 2017/3/11 0:33:41。
     1>项目“C:\win-lwip\contrib\ports\win32\msvc\makefsdata.vcxproj”在节点 3 上(rebuild 个目标)。
     1>InitializeBuildStatus:
         正在创建“Release\makefsdata.unsuccessfulbuild”，因为已指定“AlwaysCreate”。
       ClCompile:
         c:\Program Files (x86)\Microsoft Visual Studio 10.0\VC\bin\CL.exe /c /I..\..\..\..\lwip\src\include /I..\..\..\..\lwip\src\include\ipv4 /I..\..\..\..\lwip\src\include\ipv6 /I..\include /Zi /nologo /W4 /WX /O2 /Oi /Oy- /GL /D WIN32 /D NDEBUG /D _CONSOLE /D _CRT_SECURE_NO_WARNINGS /D _UNICODE /D UNICODE /Gm- /EHsc /MD /GS /Gy /fp:precise /Zc:wchar_t /Zc:forScope /Fo"Release\\" /Fd"Release\vc100.pdb" /Gd /TC /analyze- /errorReport:prompt ..\..\..\..\lwip\src\apps\httpd\makefsdata\makefsdata.c
         makefsdata.c
       Link:
         c:\Program Files (x86)\Microsoft Visual Studio 10.0\VC\bin\link.exe /ERRORREPORT:PROMPT /OUT:"C:\win-lwip\contrib\ports\win32\msvc\Release\makefsdata.exe" /INCREMENTAL:NO /NOLOGO kernel32.lib user32.lib gdi32.lib winspool.lib comdlg32.lib advapi32.lib shell32.lib ole32.lib oleaut32.lib uuid.lib odbc32.lib odbccp32.lib /MANIFEST /ManifestFile:"Release\makefsdata.exe.intermediate.manifest" /MANIFESTUAC:"level='asInvoker' uiAccess='false'" /DEBUG /PDB:"C:\win-lwip\contrib\ports\win32\msvc\Release\makefsdata.pdb" /SUBSYSTEM:CONSOLE /OPT:REF /OPT:ICF /LTCG /TLBID:1 /DYNAMICBASE:NO /IMPLIB:"C:\win-lwip\contrib\ports\win32\msvc\Release\makefsdata.lib" /MACHINE:X86 Release\makefsdata.obj
         正在生成代码
         已完成代码的生成
         makefsdata.vcxproj -> C:\win-lwip\contrib\ports\win32\msvc\Release\makefsdata.exe
       Manifest:
         c:\Program Files (x86)\Microsoft SDKs\Windows\v7.0A\bin\mt.exe /nologo /verbose /out:"C:\win-lwip\contrib\ports\win32\msvc\Release\makefsdata.exe.manifest" /manifest Release\makefsdata.exe.intermediate.manifest
       FinalizeBuildStatus:
         正在删除文件“Release\makefsdata.unsuccessfulbuild”。
         正在对“Release\makefsdata.lastbuildstate”执行 Touch 任务。
     1>已完成生成项目“C:\win-lwip\contrib\ports\win32\msvc\makefsdata.vcxproj”(rebuild 个目标)的操作。

生成成功。

已用时间 00:00:01.59
