生成启动时间为 2017/3/11 0:33:39。
     1>项目“C:\win-lwip\contrib\ports\win32\msvc\lwIP.vcxproj”在节点 2 上(rebuild 个目标)。
     1>InitializeBuildStatus:
         正在创建“.\Release\lwIP\lwIP.unsuccessfulbuild”，因为已指定“AlwaysCreate”。
       ClCompile:
         c:\Program Files (x86)\Microsoft Visual Studio 10.0\VC\bin\CL.exe /c /I..\..\..\..\lwip\src\include /I..\..\..\..\lwip\src\include\ipv4 /I..\..\..\..\lwip\src\include\ipv6 /I..\include /I.. /I..\..\..\apps\snmp_private_mib /Zi /nologo /Wall /WX /O2 /Ob1 /Oy- /D WIN32 /D NDEBUG /D _LIB /D _VC80_UPGRADE=0x0710 /D _MBCS /GF /Gm- /EHsc /MT /GS /Gy /fp:precise /Zc:wchar_t /Zc:forScope /Fo".\Release\lwIP\\" /Fd".\Release\lwIP\lwIP.pdb" /Gd /TC /analyze- /errorReport:prompt ..\..\..\..\lwip\src\api\api_lib.c ..\..\..\..\lwip\src\api\api_msg.c ..\..\..\..\lwip\src\api\err.c ..\..\..\..\lwip\src\api\netbuf.c ..\..\..\..\lwip\src\api\netdb.c ..\..\..\..\lwip\src\api\netifapi.c ..\..\..\..\lwip\src\api\sockets.c ..\..\..\..\lwip\src\api\tcpip.c ..\..\..\..\lwip\src\apps\lwiperf\lwiperf.c ..\..\..\..\lwip\src\apps\mqtt\mqtt.c ..\..\..\..\lwip\src\apps\netbiosns\netbiosns.c ..\..\..\..\lwip\src\apps\sntp\sntp.c ..\..\..\..\lwip\src\apps\tftp\tftp_server.c ..\..\..\..\lwip\src\core\def.c ..\..\..\..\lwip\src\core\dns.c ..\..\..\..\lwip\src\core\inet_chksum.c ..\..\..\..\lwip\src\core\init.c ..\..\..\..\lwip\src\core\mem.c ..\..\..\..\lwip\src\core\memp.c ..\..\..\..\lwip\src\core\netif.c ..\..\..\..\lwip\src\core\pbuf.c ..\..\..\..\lwip\src\core\raw.c ..\..\..\..\lwip\src\core\stats.c ..\..\..\..\lwip\src\core\sys.c ..\..\..\..\lwip\src\core\tcp.c ..\..\..\..\lwip\src\core\tcp_in.c ..\..\..\..\lwip\src\core\tcp_out.c ..\..\..\..\lwip\src\core\udp.c ..\..\..\..\lwip\src\core\ipv4\autoip.c ..\..\..\..\lwip\src\core\ipv4\dhcp.c ..\..\..\..\lwip\src\core\ipv4\etharp.c ..\..\..\..\lwip\src\core\ipv4\icmp.c ..\..\..\..\lwip\src\core\ipv4\igmp.c ..\..\..\..\lwip\src\core\ipv4\ip4.c ..\..\..\..\lwip\src\core\ipv4\ip4_addr.c ..\..\..\..\lwip\src\core\ipv6\dhcp6.c ..\..\..\..\lwip\src\core\ipv6\ethip6.c ..\..\..\..\lwip\src\core\ipv6\icmp6.c ..\..\..\..\lwip\src\core\ipv6\inet6.c ..\..\..\..\lwip\src\core\ipv6\ip6.c ..\..\..\..\lwip\src\core\ipv6\ip6_addr.c ..\..\..\..\lwip\src\core\ipv6\ip6_frag.c ..\..\..\..\lwip\src\core\ipv6\mld6.c ..\..\..\..\lwip\src\core\ipv6\nd6.c ..\..\..\..\lwip\src\netif\ethernet.c ..\..\..\..\lwip\src\netif\ethernetif.c ..\..\..\..\lwip\src\netif\lowpan6.c ..\..\..\..\lwip\src\netif\slipif.c ..\..\..\..\lwip\src\netif\ppp\auth.c ..\..\..\..\lwip\src\netif\ppp\ccp.c "..\..\..\..\lwip\src\netif\ppp\chap-md5.c" "..\..\..\..\lwip\src\netif\ppp\chap-new.c" ..\..\..\..\lwip\src\netif\ppp\chap_ms.c ..\..\..\..\lwip\src\netif\ppp\demand.c ..\..\..\..\lwip\src\netif\ppp\eap.c ..\..\..\..\lwip\src\netif\ppp\ecp.c ..\..\..\..\lwip\src\netif\ppp\eui64.c ..\..\..\..\lwip\src\netif\ppp\fsm.c ..\..\..\..\lwip\src\netif\ppp\ipcp.c ..\..\..\..\lwip\src\netif\ppp\ipv6cp.c ..\..\..\..\lwip\src\netif\ppp\lcp.c ..\..\..\..\lwip\src\netif\ppp\magic.c ..\..\..\..\lwip\src\netif\ppp\mppe.c ..\..\..\..\lwip\src\netif\ppp\multilink.c ..\..\..\..\lwip\src\netif\ppp\ppp.c ..\..\..\..\lwip\src\netif\ppp\pppcrypt.c ..\..\..\..\lwip\src\netif\ppp\pppoe.c ..\..\..\..\lwip\src\netif\ppp\pppol2tp.c ..\..\..\..\lwip\src\netif\ppp\pppos.c ..\..\..\..\lwip\src\netif\ppp\upap.c ..\..\..\..\lwip\src\netif\ppp\utils.c ..\..\..\..\lwip\src\netif\ppp\vj.c ..\..\..\..\lwip\src\netif\ppp\polarssl\arc4.c ..\..\..\..\lwip\src\netif\ppp\polarssl\des.c ..\..\..\..\lwip\src\netif\ppp\polarssl\md4.c ..\..\..\..\lwip\src\netif\ppp\polarssl\md5.c ..\..\..\..\lwip\src\netif\ppp\polarssl\sha1.c ..\..\..\..\lwip\src\apps\httpd\fs.c ..\..\..\..\lwip\src\apps\httpd\httpd.c ..\..\..\..\lwip\src\apps\snmp\snmp_asn1.c ..\..\..\..\lwip\src\apps\snmp\snmp_core.c ..\..\..\..\lwip\src\apps\snmp\snmp_mib2.c ..\..\..\..\lwip\src\apps\snmp\snmp_msg.c ..\..\..\..\lwip\src\apps\snmp\snmp_netconn.c ..\..\..\..\lwip\src\apps\snmp\snmp_pbuf_stream.c ..\..\..\..\lwip\src\apps\snmp\snmp_raw.c ..\..\..\..\lwip\src\apps\snmp\snmp_scalar.c ..\..\..\..\lwip\src\apps\snmp\snmp_table.c ..\..\..\..\lwip\src\apps\snmp\snmp_threadsync.c ..\..\..\..\lwip\src\apps\snmp\snmp_traps.c ..\..\..\..\lwip\src\core\ip.c ..\..\..\..\lwip\src\apps\snmp\snmpv3.c ..\..\..\..\lwip\src\apps\snmp\snmp_mib2_icmp.c ..\..\..\..\lwip\src\apps\snmp\snmp_mib2_interfaces.c ..\..\..\..\lwip\src\apps\snmp\snmp_mib2_ip.c ..\..\..\..\lwip\src\apps\snmp\snmp_mib2_snmp.c ..\..\..\..\lwip\src\apps\snmp\snmp_mib2_system.c ..\..\..\..\lwip\src\apps\snmp\snmp_mib2_tcp.c ..\..\..\..\lwip\src\apps\snmp\snmp_mib2_udp.c ..\..\..\..\lwip\src\netif\ppp\pppapi.c ..\..\..\..\lwip\src\core\ipv4\ip4_frag.c ..\..\..\..\lwip\src\core\timeouts.c ..\..\..\..\lwip\src\apps\mdns\mdns.c ..\..\..\..\lwip\src\apps\snmp\snmpv3_dummy.c ..\..\..\..\lwip\src\apps\snmp\snmpv3_mbedtls.c ..\sio.c ..\sys_arch.c
         api_lib.c
         api_msg.c
         err.c
         netbuf.c
         netdb.c
         netifapi.c
         sockets.c
         tcpip.c
         lwiperf.c
         mqtt.c
         netbiosns.c
         sntp.c
         tftp_server.c
         def.c
         dns.c
         inet_chksum.c
         init.c
         mem.c
         memp.c
         netif.c
         正在生成代码...
         正在编译...
         pbuf.c
         raw.c
         stats.c
         sys.c
         tcp.c
         tcp_in.c
         tcp_out.c
         udp.c
         autoip.c
         dhcp.c
         etharp.c
         icmp.c
         igmp.c
         ip4.c
         ip4_addr.c
         dhcp6.c
         ethip6.c
         icmp6.c
         inet6.c
         ip6.c
         正在生成代码...
         正在编译...
         ip6_addr.c
         ip6_frag.c
         mld6.c
         nd6.c
         ethernet.c
         ethernetif.c
         lowpan6.c
         slipif.c
         auth.c
         ccp.c
         chap-md5.c
         chap-new.c
         chap_ms.c
         demand.c
         eap.c
         ecp.c
         eui64.c
         fsm.c
         ipcp.c
         ipv6cp.c
         正在生成代码...
         正在编译...
         lcp.c
         magic.c
         mppe.c
         multilink.c
         ppp.c
         pppcrypt.c
         pppoe.c
         pppol2tp.c
         pppos.c
         upap.c
         utils.c
         vj.c
         arc4.c
         des.c
         md4.c
         md5.c
         sha1.c
         fs.c
         httpd.c
         snmp_asn1.c
         正在生成代码...
         正在编译...
         snmp_core.c
         snmp_mib2.c
         snmp_msg.c
         snmp_netconn.c
         snmp_pbuf_stream.c
         snmp_raw.c
         snmp_scalar.c
         snmp_table.c
         snmp_threadsync.c
         snmp_traps.c
         ip.c
         snmpv3.c
         snmp_mib2_icmp.c
         snmp_mib2_interfaces.c
         snmp_mib2_ip.c
         snmp_mib2_snmp.c
         snmp_mib2_system.c
         snmp_mib2_tcp.c
         snmp_mib2_udp.c
         pppapi.c
         正在生成代码...
         正在编译...
         ip4_frag.c
         timeouts.c
         mdns.c
         snmpv3_dummy.c
         snmpv3_mbedtls.c
         sio.c
         sys_arch.c
         正在生成代码...
       Lib:
         c:\Program Files (x86)\Microsoft Visual Studio 10.0\VC\bin\Lib.exe /OUT:".\Release\lwIP.lib" /NOLOGO .\Release\lwIP\api_lib.obj
         .\Release\lwIP\api_msg.obj
         .\Release\lwIP\err.obj
         .\Release\lwIP\netbuf.obj
         .\Release\lwIP\netdb.obj
         .\Release\lwIP\netifapi.obj
         .\Release\lwIP\sockets.obj
         .\Release\lwIP\tcpip.obj
         .\Release\lwIP\lwiperf.obj
         .\Release\lwIP\mqtt.obj
         .\Release\lwIP\netbiosns.obj
         .\Release\lwIP\sntp.obj
         .\Release\lwIP\tftp_server.obj
         .\Release\lwIP\def.obj
         .\Release\lwIP\dns.obj
         .\Release\lwIP\inet_chksum.obj
         .\Release\lwIP\init.obj
         .\Release\lwIP\mem.obj
         .\Release\lwIP\memp.obj
         .\Release\lwIP\netif.obj
         .\Release\lwIP\pbuf.obj
         .\Release\lwIP\raw.obj
         .\Release\lwIP\stats.obj
         .\Release\lwIP\sys.obj
         .\Release\lwIP\tcp.obj
         .\Release\lwIP\tcp_in.obj
         .\Release\lwIP\tcp_out.obj
         .\Release\lwIP\udp.obj
         .\Release\lwIP\autoip.obj
         .\Release\lwIP\dhcp.obj
         .\Release\lwIP\etharp.obj
         .\Release\lwIP\icmp.obj
         .\Release\lwIP\igmp.obj
         .\Release\lwIP\ip4.obj
         .\Release\lwIP\ip4_addr.obj
         .\Release\lwIP\dhcp6.obj
         .\Release\lwIP\ethip6.obj
         .\Release\lwIP\icmp6.obj
         .\Release\lwIP\inet6.obj
         .\Release\lwIP\ip6.obj
         .\Release\lwIP\ip6_addr.obj
         .\Release\lwIP\ip6_frag.obj
         .\Release\lwIP\mld6.obj
         .\Release\lwIP\nd6.obj
         .\Release\lwIP\ethernet.obj
         .\Release\lwIP\ethernetif.obj
         .\Release\lwIP\lowpan6.obj
         .\Release\lwIP\slipif.obj
         .\Release\lwIP\auth.obj
         .\Release\lwIP\ccp.obj
         ".\Release\lwIP\chap-md5.obj"
         ".\Release\lwIP\chap-new.obj"
         .\Release\lwIP\chap_ms.obj
         .\Release\lwIP\demand.obj
         .\Release\lwIP\eap.obj
         .\Release\lwIP\ecp.obj
         .\Release\lwIP\eui64.obj
         .\Release\lwIP\fsm.obj
         .\Release\lwIP\ipcp.obj
         .\Release\lwIP\ipv6cp.obj
         .\Release\lwIP\lcp.obj
         .\Release\lwIP\magic.obj
         .\Release\lwIP\mppe.obj
         .\Release\lwIP\multilink.obj
         .\Release\lwIP\ppp.obj
         .\Release\lwIP\pppcrypt.obj
         .\Release\lwIP\pppoe.obj
         .\Release\lwIP\pppol2tp.obj
         .\Release\lwIP\pppos.obj
         .\Release\lwIP\upap.obj
         .\Release\lwIP\utils.obj
         .\Release\lwIP\vj.obj
         .\Release\lwIP\arc4.obj
         .\Release\lwIP\des.obj
         .\Release\lwIP\md4.obj
         .\Release\lwIP\md5.obj
         .\Release\lwIP\sha1.obj
         .\Release\lwIP\fs.obj
         .\Release\lwIP\httpd.obj
         .\Release\lwIP\snmp_asn1.obj
         .\Release\lwIP\snmp_core.obj
         .\Release\lwIP\snmp_mib2.obj
         .\Release\lwIP\snmp_msg.obj
         .\Release\lwIP\snmp_netconn.obj
         .\Release\lwIP\snmp_pbuf_stream.obj
         .\Release\lwIP\snmp_raw.obj
         .\Release\lwIP\snmp_scalar.obj
         .\Release\lwIP\snmp_table.obj
         .\Release\lwIP\snmp_threadsync.obj
         .\Release\lwIP\snmp_traps.obj
         .\Release\lwIP\ip.obj
         .\Release\lwIP\snmpv3.obj
         .\Release\lwIP\snmp_mib2_icmp.obj
         .\Release\lwIP\snmp_mib2_interfaces.obj
         .\Release\lwIP\snmp_mib2_ip.obj
         .\Release\lwIP\snmp_mib2_snmp.obj
         .\Release\lwIP\snmp_mib2_system.obj
         .\Release\lwIP\snmp_mib2_tcp.obj
         .\Release\lwIP\snmp_mib2_udp.obj
         .\Release\lwIP\pppapi.obj
         .\Release\lwIP\ip4_frag.obj
         .\Release\lwIP\timeouts.obj
         .\Release\lwIP\mdns.obj
         .\Release\lwIP\snmpv3_dummy.obj
         .\Release\lwIP\snmpv3_mbedtls.obj
         .\Release\lwIP\sio.obj
         .\Release\lwIP\sys_arch.obj
         lwIP.vcxproj -> C:\win-lwip\contrib\ports\win32\msvc\.\Release\lwIP.lib
       FinalizeBuildStatus:
         正在删除文件“.\Release\lwIP\lwIP.unsuccessfulbuild”。
         正在对“.\Release\lwIP\lwIP.lastbuildstate”执行 Touch 任务。
     1>已完成生成项目“C:\win-lwip\contrib\ports\win32\msvc\lwIP.vcxproj”(rebuild 个目标)的操作。

生成成功。

已用时间 00:00:11.02
